Base path: 'C:/Program Files/Unity/Hub/Editor/2019.3.7f1/Editor/Data', plugins path 'C:/Program Files/Unity/Hub/Editor/2019.3.7f1/Editor/Data/PlaybackEngines'
Cmd: initializeCompiler
Cmd: compileComputeKernel
  api=4 insize=16804 outsize=9901 ok=1
Cmd: compileComputeKernel
  api=4 insize=15915 outsize=2847 ok=1
Cmd: compileComputeKernel
  api=4 insize=8630 outsize=6168 ok=1
Cmd: compileComputeKernel
  api=4 insize=17994 outsize=7462 ok=1
Cmd: compileComputeKernel
  api=4 insize=4026 outsize=885 ok=1
Cmd: compileComputeKernel
  api=4 insize=2605 outsize=869 ok=1
Cmd: compileComputeKernel
  api=4 insize=10384 outsize=735568 ok=1
Cmd: compileComputeKernel
  api=4 insize=10868 outsize=665 ok=1
Cmd: compileComputeKernel
  api=4 insize=10868 outsize=4534 ok=1
Cmd: compileComputeKernel
  api=4 insize=868 outsize=578 ok=1
Cmd: compileComputeKernel
  api=4 insize=40246 outsize=34940 ok=1
Cmd: compileComputeKernel
  api=4 insize=40246 outsize=34078 ok=1
Cmd: compileComputeKernel
  api=4 insize=40246 outsize=1522 ok=1
Cmd: compileComputeKernel
  api=4 insize=8511 outsize=1015 ok=1
Cmd: compileComputeKernel
  api=4 insize=1113 outsize=975 ok=1
Cmd: compileComputeKernel
  api=4 insize=22295 outsize=14875 ok=1
Cmd: compileComputeKernel
  api=4 insize=11494 outsize=244 ok=1
Cmd: compileComputeKernel
  api=4 insize=7841 outsize=7213 ok=1
Cmd: compileComputeKernel
  api=4 insize=20116 outsize=725 ok=1
Cmd: compileComputeKernel
  api=4 insize=5056 outsize=2350 ok=1
Cmd: compileComputeKernel
  api=4 insize=5168 outsize=2822 ok=1
Cmd: compileComputeKernel
  api=4 insize=8512 outsize=2100 ok=1
Cmd: compileComputeKernel
  api=4 insize=10338 outsize=4045 ok=1
Cmd: compileComputeKernel
  api=4 insize=26542 outsize=15917 ok=1
Cmd: compileComputeKernel
  api=4 insize=15784 outsize=95677 ok=1
Cmd: compileComputeKernel
  api=4 insize=15784 outsize=55270 ok=1
Cmd: compileComputeKernel
  api=4 insize=15784 outsize=95512 ok=1
Cmd: compileComputeKernel
  api=4 insize=15784 outsize=38927 ok=1
Cmd: compileComputeKernel
  api=4 insize=15784 outsize=98109 ok=1
Cmd: compileComputeKernel
  api=4 insize=3697 outsize=4319 ok=1
Cmd: compileComputeKernel
  api=4 insize=12177 outsize=953 ok=1
Cmd: compileComputeKernel
  api=4 insize=7589 outsize=1322 ok=1
Cmd: compileComputeKernel
  api=4 insize=11045 outsize=7594 ok=1
Cmd: compileSnippet
  api=4 type=0 insize=2295 outsize=858 kw= pd=UNITY_ENABLE_REFLECTION_BUFFERS UNITY_USE_DITHER_MASK_FOR_ALPHABLENDED_SHADOWS UNITY_PBS_USE_BRDF1 UNITY_SPECCUBE_BOX_PROJECTION UNITY_SPECCUBE_BLENDING UNITY_ENABLE_DETAIL_NORMALMAP SHADER_API_DESKTOP UNITY_LIGHT_PROBE_PROXY_VOLUME UNITY_LIGHTMAP_FULL_HDR ok=1
Cmd: compileSnippet
  api=4 type=1 insize=2295 outsize=446 kw= pd=UNITY_ENABLE_REFLECTION_BUFFERS UNITY_USE_DITHER_MASK_FOR_ALPHABLENDED_SHADOWS UNITY_PBS_USE_BRDF1 UNITY_SPECCUBE_BOX_PROJECTION UNITY_SPECCUBE_BLENDING UNITY_ENABLE_DETAIL_NORMALMAP SHADER_API_DESKTOP UNITY_LIGHT_PROBE_PROXY_VOLUME UNITY_LIGHTMAP_FULL_HDR ok=1
Cmd: compileSnippet
  api=4 type=0 insize=3240 outsize=502 kw= pd=UNITY_ENABLE_REFLECTION_BUFFERS UNITY_USE_DITHER_MASK_FOR_ALPHABLENDED_SHADOWS UNITY_PBS_USE_BRDF1 UNITY_SPECCUBE_BOX_PROJECTION UNITY_SPECCUBE_BLENDING UNITY_ENABLE_DETAIL_NORMALMAP SHADER_API_DESKTOP UNITY_LIGHT_PROBE_PROXY_VOLUME UNITY_LIGHTMAP_FULL_HDR ok=1
Cmd: compileSnippet
  api=4 type=1 insize=7868 outsize=5598 kw=DECALS_3RT _NORMALMAP_TANGENT_SPACE pd=UNITY_ENABLE_REFLECTION_BUFFERS UNITY_USE_DITHER_MASK_FOR_ALPHABLENDED_SHADOWS UNITY_PBS_USE_BRDF1 UNITY_SPECCUBE_BOX_PROJECTION UNITY_SPECCUBE_BLENDING UNITY_ENABLE_DETAIL_NORMALMAP SHADER_API_DESKTOP UNITY_LIGHT_PROBE_PROXY_VOLUME UNITY_LIGHTMAP_FULL_HDR ok=1
Cmd: compileSnippet
  api=4 type=1 insize=842 outsize=106 kw= pd=UNITY_ENABLE_REFLECTION_BUFFERS UNITY_USE_DITHER_MASK_FOR_ALPHABLENDED_SHADOWS UNITY_PBS_USE_BRDF1 UNITY_SPECCUBE_BOX_PROJECTION UNITY_SPECCUBE_BLENDING UNITY_ENABLE_DETAIL_NORMALMAP SHADER_API_DESKTOP UNITY_LIGHT_PROBE_PROXY_VOLUME UNITY_LIGHTMAP_FULL_HDR ok=1
Cmd: compileSnippet
  api=4 type=1 insize=659 outsize=1582 kw=SMAA_PRESET_HIGH pd=UNITY_ENABLE_REFLECTION_BUFFERS UNITY_USE_DITHER_MASK_FOR_ALPHABLENDED_SHADOWS UNITY_PBS_USE_BRDF1 UNITY_SPECCUBE_BOX_PROJECTION UNITY_SPECCUBE_BLENDING UNITY_ENABLE_DETAIL_NORMALMAP SHADER_API_DESKTOP UNITY_LIGHT_PROBE_PROXY_VOLUME UNITY_LIGHTMAP_FULL_HDR ok=1
Cmd: compileSnippet
  api=4 type=0 insize=653 outsize=938 kw=SMAA_PRESET_LOW pd=UNITY_ENABLE_REFLECTION_BUFFERS UNITY_USE_DITHER_MASK_FOR_ALPHABLENDED_SHADOWS UNITY_PBS_USE_BRDF1 UNITY_SPECCUBE_BOX_PROJECTION UNITY_SPECCUBE_BLENDING UNITY_ENABLE_DETAIL_NORMALMAP SHADER_API_DESKTOP UNITY_LIGHT_PROBE_PROXY_VOLUME UNITY_LIGHTMAP_FULL_HDR ok=1
Cmd: compileSnippet
  api=4 type=1 insize=8936 outsize=62526 kw=DECALS_3RT SHADOW_MEDIUM USE_FPTL_LIGHTLIST _NORMALMAP_TANGENT_SPACE pd=UNITY_ENABLE_REFLECTION_BUFFERS UNITY_USE_DITHER_MASK_FOR_ALPHABLENDED_SHADOWS UNITY_PBS_USE_BRDF1 UNITY_SPECCUBE_BOX_PROJECTION UNITY_SPECCUBE_BLENDING UNITY_ENABLE_DETAIL_NORMALMAP SHADER_API_DESKTOP UNITY_LIGHT_PROBE_PROXY_VOLUME UNITY_LIGHTMAP_FULL_HDR ok=1
Cmd: compileSnippet
  api=4 type=1 insize=7278 outsize=1654 kw=UNITY_PASS_MOTIONVECTORS WRITE_NORMAL_BUFFER _NORMALMAP_TANGENT_SPACE pd=UNITY_ENABLE_REFLECTION_BUFFERS UNITY_USE_DITHER_MASK_FOR_ALPHABLENDED_SHADOWS UNITY_PBS_USE_BRDF1 UNITY_SPECCUBE_BOX_PROJECTION UNITY_SPECCUBE_BLENDING UNITY_ENABLE_DETAIL_NORMALMAP SHADER_API_DESKTOP UNITY_LIGHT_PROBE_PROXY_VOLUME UNITY_LIGHTMAP_FULL_HDR ok=1

Quitting shader compiler process
