Base path: 'C:/Program Files/Unity/Hub/Editor/2019.3.7f1/Editor/Data', plugins path 'C:/Program Files/Unity/Hub/Editor/2019.3.7f1/Editor/Data/PlaybackEngines'
Cmd: initializeCompiler
Cmd: compileComputeKernel
  api=4 insize=16804 outsize=10676 ok=1
Cmd: compileComputeKernel
  api=4 insize=4528 outsize=3183 ok=1
Cmd: compileComputeKernel
  api=4 insize=8630 outsize=7449 ok=1
Cmd: compileComputeKernel
  api=4 insize=5899 outsize=6007 ok=1
Cmd: compileComputeKernel
  api=4 insize=10384 outsize=741074 ok=1
Cmd: compileComputeKernel
  api=4 insize=10868 outsize=4491 ok=1
Cmd: compileComputeKernel
  api=4 insize=3111 outsize=2044 ok=1
Cmd: compileComputeKernel
  api=4 insize=40246 outsize=37811 ok=1
Cmd: compileComputeKernel
  api=4 insize=40246 outsize=35450 ok=1
Cmd: compileComputeKernel
  api=4 insize=22295 outsize=14163 ok=1
Cmd: compileComputeKernel
  api=4 insize=11494 outsize=257 ok=1
Cmd: compileComputeKernel
  api=4 insize=9134 outsize=12677 ok=1
Cmd: compileComputeKernel
  api=4 insize=8233 outsize=317 ok=1
Cmd: compileComputeKernel
  api=4 insize=20116 outsize=5116 ok=1
Cmd: compileComputeKernel
  api=4 insize=5168 outsize=3022 ok=1
Cmd: compileComputeKernel
  api=4 insize=10338 outsize=3652 ok=1
Cmd: compileComputeKernel
  api=4 insize=26542 outsize=14181 ok=1
Cmd: compileComputeKernel
  api=4 insize=26542 outsize=16121 ok=1
Cmd: compileComputeKernel
  api=4 insize=15784 outsize=14055 ok=1
Cmd: compileComputeKernel
  api=4 insize=15784 outsize=46517 ok=1
Cmd: compileComputeKernel
  api=4 insize=15784 outsize=55102 ok=1
Cmd: compileComputeKernel
  api=4 insize=15784 outsize=37394 ok=1
Cmd: compileComputeKernel
  api=4 insize=15784 outsize=44207 ok=1
Cmd: compileComputeKernel
  api=4 insize=15784 outsize=37198 ok=1
Cmd: compileComputeKernel
  api=4 insize=15784 outsize=66561 ok=1
Cmd: compileComputeKernel
  api=4 insize=15784 outsize=51279 ok=1
Cmd: compileComputeKernel
  api=4 insize=15784 outsize=47220 ok=1
Cmd: compileComputeKernel
  api=4 insize=6258 outsize=660 ok=1
Cmd: compileComputeKernel
  api=4 insize=5893 outsize=5009 ok=1
Cmd: compileComputeKernel
  api=4 insize=26999 outsize=5639 ok=1
Cmd: compileComputeKernel
  api=4 insize=7589 outsize=1128 ok=1
Cmd: compileComputeKernel
  api=4 insize=13940 outsize=3986 ok=1
Cmd: compileComputeKernel
  api=4 insize=11045 outsize=7655 ok=1
Cmd: compileSnippet
  api=4 type=0 insize=1302 outsize=1414 kw=UNITY_PASS_SHADOWCASTER SHADOWS_DEPTH pd=UNITY_ENABLE_REFLECTION_BUFFERS UNITY_USE_DITHER_MASK_FOR_ALPHABLENDED_SHADOWS UNITY_PBS_USE_BRDF1 UNITY_SPECCUBE_BOX_PROJECTION UNITY_SPECCUBE_BLENDING UNITY_ENABLE_DETAIL_NORMALMAP SHADER_API_DESKTOP UNITY_LIGHT_PROBE_PROXY_VOLUME UNITY_LIGHTMAP_FULL_HDR ok=1
Cmd: compileSnippet
  api=4 type=0 insize=1703 outsize=402 kw= pd=UNITY_ENABLE_REFLECTION_BUFFERS UNITY_USE_DITHER_MASK_FOR_ALPHABLENDED_SHADOWS UNITY_PBS_USE_BRDF1 UNITY_SPECCUBE_BOX_PROJECTION UNITY_SPECCUBE_BLENDING UNITY_ENABLE_DETAIL_NORMALMAP SHADER_API_DESKTOP UNITY_LIGHT_PROBE_PROXY_VOLUME UNITY_LIGHTMAP_FULL_HDR ok=1
Cmd: compileSnippet
  api=4 type=1 insize=1703 outsize=318 kw= pd=UNITY_ENABLE_REFLECTION_BUFFERS UNITY_USE_DITHER_MASK_FOR_ALPHABLENDED_SHADOWS UNITY_PBS_USE_BRDF1 UNITY_SPECCUBE_BOX_PROJECTION UNITY_SPECCUBE_BLENDING UNITY_ENABLE_DETAIL_NORMALMAP SHADER_API_DESKTOP UNITY_LIGHT_PROBE_PROXY_VOLUME UNITY_LIGHTMAP_FULL_HDR ok=1
Cmd: compileSnippet
  api=4 type=0 insize=6897 outsize=810 kw=UNITY_PASS_SHADOWCASTER _NORMALMAP_TANGENT_SPACE pd=UNITY_ENABLE_REFLECTION_BUFFERS UNITY_USE_DITHER_MASK_FOR_ALPHABLENDED_SHADOWS UNITY_PBS_USE_BRDF1 UNITY_SPECCUBE_BOX_PROJECTION UNITY_SPECCUBE_BLENDING UNITY_ENABLE_DETAIL_NORMALMAP SHADER_API_DESKTOP UNITY_LIGHT_PROBE_PROXY_VOLUME UNITY_LIGHTMAP_FULL_HDR ok=1
Cmd: compileSnippet
  api=4 type=1 insize=653 outsize=10966 kw=SMAA_PRESET_HIGH pd=UNITY_ENABLE_REFLECTION_BUFFERS UNITY_USE_DITHER_MASK_FOR_ALPHABLENDED_SHADOWS UNITY_PBS_USE_BRDF1 UNITY_SPECCUBE_BOX_PROJECTION UNITY_SPECCUBE_BLENDING UNITY_ENABLE_DETAIL_NORMALMAP SHADER_API_DESKTOP UNITY_LIGHT_PROBE_PROXY_VOLUME UNITY_LIGHTMAP_FULL_HDR ok=1
Cmd: compileSnippet
  api=4 type=1 insize=6897 outsize=142 kw=UNITY_PASS_SHADOWCASTER _SURFACE_TYPE_TRANSPARENT _NORMALMAP_TANGENT_SPACE _BLENDMODE_ALPHA _BLENDMODE_PRESERVE_SPECULAR_LIGHTING _ENABLE_FOG_ON_TRANSPARENT pd=UNITY_ENABLE_REFLECTION_BUFFERS UNITY_USE_DITHER_MASK_FOR_ALPHABLENDED_SHADOWS UNITY_PBS_USE_BRDF1 UNITY_SPECCUBE_BOX_PROJECTION UNITY_SPECCUBE_BLENDING UNITY_ENABLE_DETAIL_NORMALMAP SHADER_API_DESKTOP UNITY_LIGHT_PROBE_PROXY_VOLUME UNITY_LIGHTMAP_FULL_HDR ok=1
