Determining if the include file pthread.h exists failed with the following output:
Change Dir: C:/Git/RobotControl/Code/ControlGUI/build/CMakeFiles/CMakeTmp

Run Build Command(s):C:/PROGRA~2/MICROS~3/2019/COMMUN~1/Common7/IDE/COMMON~1/MICROS~1/CMake/Ninja/ninja.exe cmTC_630b4 
[1/2] Building C object CMakeFiles\cmTC_630b4.dir\CheckIncludeFile.c.obj
FAILED: CMakeFiles/cmTC_630b4.dir/CheckIncludeFile.c.obj 
C:\PROGRA~2\MICROS~3\2019\COMMUN~1\VC\Tools\MSVC\1425~1.286\bin\Hostx64\x64\cl.exe  /nologo   /DWIN32 /D_WINDOWS /W3  /MDd /Zi /Ob0 /Od /RTC1 /showIncludes /FoCMakeFiles\cmTC_630b4.dir\CheckIncludeFile.c.obj /FdCMakeFiles\cmTC_630b4.dir\ /FS -c CheckIncludeFile.c
CheckIncludeFile.c(1): fatal error C1083: Cannot open include file: 'pthread.h': No such file or directory
ninja: build stopped: subcommand failed.


Performing C++ SOURCE FILE Test has_std_11_flag failed with the following output:
Change Dir: C:/Git/RobotControl/Code/ControlGUI/build/CMakeFiles/CMakeTmp

Run Build Command(s):C:/PROGRA~2/MICROS~3/2019/COMMUN~1/Common7/IDE/COMMON~1/MICROS~1/CMake/Ninja/ninja.exe cmTC_98cb1 
[1/2] Building CXX object CMakeFiles\cmTC_98cb1.dir\src.cxx.obj
cl : Command line warning D9002 : ignoring unknown option '-std=c++11'
[2/2] Linking CXX executable cmTC_98cb1.exe

Source file was:
int main() { return 0; }
Performing C++ SOURCE FILE Test has_std_0x_flag failed with the following output:
Change Dir: C:/Git/RobotControl/Code/ControlGUI/build/CMakeFiles/CMakeTmp

Run Build Command(s):C:/PROGRA~2/MICROS~3/2019/COMMUN~1/Common7/IDE/COMMON~1/MICROS~1/CMake/Ninja/ninja.exe cmTC_c605a 
[1/2] Building CXX object CMakeFiles\cmTC_c605a.dir\src.cxx.obj
cl : Command line warning D9002 : ignoring unknown option '-std=c++0x'
[2/2] Linking CXX executable cmTC_c605a.exe

Source file was:
int main() { return 0; }
